<?xml version="1.0" encoding="UTF-8"?>
<testsuite xmlns:xsi="http://www.w3.org/2001/XMLSchema-instance" xsi:noNamespaceSchemaLocation="https://maven.apache.org/surefire/maven-surefire-plugin/xsd/surefire-test-report.xsd" name="br.com.cwi.reset.isaquexavierdossantos.service.AtorServiceTest" time="0.12" tests="19" errors="8" skipped="0" failures="8">
  <properties>
    <property name="java.specification.version" value="17"/>
    <property name="sun.cpu.isalist" value="amd64"/>
    <property name="sun.jnu.encoding" value="Cp1252"/>
    <property name="java.class.path" value="C:\ResetMeuDiretorioGitHub-ResetNivel2\CWI-RESET-LEVEL2\desafio-resetflix-Parte-02\api-resetflix\target\test-classes;C:\ResetMeuDiretorioGitHub-ResetNivel2\CWI-RESET-LEVEL2\desafio-resetflix-Parte-02\api-resetflix\target\classes;C:\Users\isaqu\.m2\repository\org\springframework\boot\spring-boot-starter-data-jpa\2.5.6\spring-boot-starter-data-jpa-2.5.6.jar;C:\Users\isaqu\.m2\repository\org\springframework\boot\spring-boot-starter-aop\2.5.6\spring-boot-starter-aop-2.5.6.jar;C:\Users\isaqu\.m2\repository\org\springframework\spring-aop\5.3.12\spring-aop-5.3.12.jar;C:\Users\isaqu\.m2\repository\org\aspectj\aspectjweaver\1.9.7\aspectjweaver-1.9.7.jar;C:\Users\isaqu\.m2\repository\org\springframework\boot\spring-boot-starter-jdbc\2.5.6\spring-boot-starter-jdbc-2.5.6.jar;C:\Users\isaqu\.m2\repository\com\zaxxer\HikariCP\4.0.3\HikariCP-4.0.3.jar;C:\Users\isaqu\.m2\repository\org\springframework\spring-jdbc\5.3.12\spring-jdbc-5.3.12.jar;C:\Users\isaqu\.m2\repository\jakarta\transaction\jakarta.transaction-api\1.3.3\jakarta.transaction-api-1.3.3.jar;C:\Users\isaqu\.m2\repository\jakarta\persistence\jakarta.persistence-api\2.2.3\jakarta.persistence-api-2.2.3.jar;C:\Users\isaqu\.m2\repository\org\hibernate\hibernate-core\5.4.32.Final\hibernate-core-5.4.32.Final.jar;C:\Users\isaqu\.m2\repository\org\jboss\logging\jboss-logging\3.4.2.Final\jboss-logging-3.4.2.Final.jar;C:\Users\isaqu\.m2\repository\org\javassist\javassist\3.27.0-GA\javassist-3.27.0-GA.jar;C:\Users\isaqu\.m2\repository\net\bytebuddy\byte-buddy\1.10.22\byte-buddy-1.10.22.jar;C:\Users\isaqu\.m2\repository\antlr\antlr\2.7.7\antlr-2.7.7.jar;C:\Users\isaqu\.m2\repository\org\jboss\jandex\2.2.3.Final\jandex-2.2.3.Final.jar;C:\Users\isaqu\.m2\repository\com\fasterxml\classmate\1.5.1\classmate-1.5.1.jar;C:\Users\isaqu\.m2\repository\org\dom4j\dom4j\2.1.3\dom4j-2.1.3.jar;C:\Users\isaqu\.m2\repository\org\hibernate\common\hibernate-commons-annotations\5.1.2.Final\hibernate-commons-annotations-5.1.2.Final.jar;C:\Users\isaqu\.m2\repository\org\glassfish\jaxb\jaxb-runtime\2.3.5\jaxb-runtime-2.3.5.jar;C:\Users\isaqu\.m2\repository\org\glassfish\jaxb\txw2\2.3.5\txw2-2.3.5.jar;C:\Users\isaqu\.m2\repository\com\sun\istack\istack-commons-runtime\3.0.12\istack-commons-runtime-3.0.12.jar;C:\Users\isaqu\.m2\repository\com\sun\activation\jakarta.activation\1.2.2\jakarta.activation-1.2.2.jar;C:\Users\isaqu\.m2\repository\org\springframework\data\spring-data-jpa\2.5.6\spring-data-jpa-2.5.6.jar;C:\Users\isaqu\.m2\repository\org\springframework\data\spring-data-commons\2.5.6\spring-data-commons-2.5.6.jar;C:\Users\isaqu\.m2\repository\org\springframework\spring-orm\5.3.12\spring-orm-5.3.12.jar;C:\Users\isaqu\.m2\repository\org\springframework\spring-context\5.3.12\spring-context-5.3.12.jar;C:\Users\isaqu\.m2\repository\org\springframework\spring-tx\5.3.12\spring-tx-5.3.12.jar;C:\Users\isaqu\.m2\repository\org\springframework\spring-beans\5.3.12\spring-beans-5.3.12.jar;C:\Users\isaqu\.m2\repository\org\slf4j\slf4j-api\1.7.32\slf4j-api-1.7.32.jar;C:\Users\isaqu\.m2\repository\org\springframework\spring-aspects\5.3.12\spring-aspects-5.3.12.jar;C:\Users\isaqu\.m2\repository\org\springframework\boot\spring-boot-starter-validation\2.5.6\spring-boot-starter-validation-2.5.6.jar;C:\Users\isaqu\.m2\repository\org\springframework\boot\spring-boot-starter\2.5.6\spring-boot-starter-2.5.6.jar;C:\Users\isaqu\.m2\repository\org\springframework\boot\spring-boot\2.5.6\spring-boot-2.5.6.jar;C:\Users\isaqu\.m2\repository\org\springframework\boot\spring-boot-autoconfigure\2.5.6\spring-boot-autoconfigure-2.5.6.jar;C:\Users\isaqu\.m2\repository\org\springframework\boot\spring-boot-starter-logging\2.5.6\spring-boot-starter-logging-2.5.6.jar;C:\Users\isaqu\.m2\repository\ch\qos\logback\logback-classic\1.2.6\logback-classic-1.2.6.jar;C:\Users\isaqu\.m2\repository\ch\qos\logback\logback-core\1.2.6\logback-core-1.2.6.jar;C:\Users\isaqu\.m2\repository\org\apache\logging\log4j\log4j-to-slf4j\2.14.1\log4j-to-slf4j-2.14.1.jar;C:\Users\isaqu\.m2\repository\org\apache\logging\log4j\log4j-api\2.14.1\log4j-api-2.14.1.jar;C:\Users\isaqu\.m2\repository\org\slf4j\jul-to-slf4j\1.7.32\jul-to-slf4j-1.7.32.jar;C:\Users\isaqu\.m2\repository\jakarta\annotation\jakarta.annotation-api\1.3.5\jakarta.annotation-api-1.3.5.jar;C:\Users\isaqu\.m2\repository\org\yaml\snakeyaml\1.28\snakeyaml-1.28.jar;C:\Users\isaqu\.m2\repository\org\apache\tomcat\embed\tomcat-embed-el\9.0.54\tomcat-embed-el-9.0.54.jar;C:\Users\isaqu\.m2\repository\org\hibernate\validator\hibernate-validator\6.2.0.Final\hibernate-validator-6.2.0.Final.jar;C:\Users\isaqu\.m2\repository\jakarta\validation\jakarta.validation-api\2.0.2\jakarta.validation-api-2.0.2.jar;C:\Users\isaqu\.m2\repository\org\springframework\boot\spring-boot-starter-web\2.5.6\spring-boot-starter-web-2.5.6.jar;C:\Users\isaqu\.m2\repository\org\springframework\boot\spring-boot-starter-json\2.5.6\spring-boot-starter-json-2.5.6.jar;C:\Users\isaqu\.m2\repository\com\fasterxml\jackson\core\jackson-databind\2.12.5\jackson-databind-2.12.5.jar;C:\Users\isaqu\.m2\repository\com\fasterxml\jackson\core\jackson-annotations\2.12.5\jackson-annotations-2.12.5.jar;C:\Users\isaqu\.m2\repository\com\fasterxml\jackson\core\jackson-core\2.12.5\jackson-core-2.12.5.jar;C:\Users\isaqu\.m2\repository\com\fasterxml\jackson\datatype\jackson-datatype-jdk8\2.12.5\jackson-datatype-jdk8-2.12.5.jar;C:\Users\isaqu\.m2\repository\com\fasterxml\jackson\datatype\jackson-datatype-jsr310\2.12.5\jackson-datatype-jsr310-2.12.5.jar;C:\Users\isaqu\.m2\repository\com\fasterxml\jackson\module\jackson-module-parameter-names\2.12.5\jackson-module-parameter-names-2.12.5.jar;C:\Users\isaqu\.m2\repository\org\springframework\boot\spring-boot-starter-tomcat\2.5.6\spring-boot-starter-tomcat-2.5.6.jar;C:\Users\isaqu\.m2\repository\org\apache\tomcat\embed\tomcat-embed-core\9.0.54\tomcat-embed-core-9.0.54.jar;C:\Users\isaqu\.m2\repository\org\apache\tomcat\embed\tomcat-embed-websocket\9.0.54\tomcat-embed-websocket-9.0.54.jar;C:\Users\isaqu\.m2\repository\org\springframework\spring-web\5.3.12\spring-web-5.3.12.jar;C:\Users\isaqu\.m2\repository\org\springframework\spring-webmvc\5.3.12\spring-webmvc-5.3.12.jar;C:\Users\isaqu\.m2\repository\org\springframework\spring-expression\5.3.12\spring-expression-5.3.12.jar;C:\Users\isaqu\.m2\repository\com\h2database\h2\1.4.200\h2-1.4.200.jar;C:\Users\isaqu\.m2\repository\org\springframework\boot\spring-boot-starter-test\2.5.6\spring-boot-starter-test-2.5.6.jar;C:\Users\isaqu\.m2\repository\org\springframework\boot\spring-boot-test\2.5.6\spring-boot-test-2.5.6.jar;C:\Users\isaqu\.m2\repository\org\springframework\boot\spring-boot-test-autoconfigure\2.5.6\spring-boot-test-autoconfigure-2.5.6.jar;C:\Users\isaqu\.m2\repository\com\jayway\jsonpath\json-path\2.5.0\json-path-2.5.0.jar;C:\Users\isaqu\.m2\repository\net\minidev\json-smart\2.4.7\json-smart-2.4.7.jar;C:\Users\isaqu\.m2\repository\net\minidev\accessors-smart\2.4.7\accessors-smart-2.4.7.jar;C:\Users\isaqu\.m2\repository\org\ow2\asm\asm\9.1\asm-9.1.jar;C:\Users\isaqu\.m2\repository\jakarta\xml\bind\jakarta.xml.bind-api\2.3.3\jakarta.xml.bind-api-2.3.3.jar;C:\Users\isaqu\.m2\repository\jakarta\activation\jakarta.activation-api\1.2.2\jakarta.activation-api-1.2.2.jar;C:\Users\isaqu\.m2\repository\org\assertj\assertj-core\3.19.0\assertj-core-3.19.0.jar;C:\Users\isaqu\.m2\repository\org\hamcrest\hamcrest\2.2\hamcrest-2.2.jar;C:\Users\isaqu\.m2\repository\org\junit\jupiter\junit-jupiter\5.7.2\junit-jupiter-5.7.2.jar;C:\Users\isaqu\.m2\repository\org\junit\jupiter\junit-jupiter-api\5.7.2\junit-jupiter-api-5.7.2.jar;C:\Users\isaqu\.m2\repository\org\apiguardian\apiguardian-api\1.1.0\apiguardian-api-1.1.0.jar;C:\Users\isaqu\.m2\repository\org\opentest4j\opentest4j\1.2.0\opentest4j-1.2.0.jar;C:\Users\isaqu\.m2\repository\org\junit\platform\junit-platform-commons\1.7.2\junit-platform-commons-1.7.2.jar;C:\Users\isaqu\.m2\repository\org\junit\jupiter\junit-jupiter-params\5.7.2\junit-jupiter-params-5.7.2.jar;C:\Users\isaqu\.m2\repository\org\junit\jupiter\junit-jupiter-engine\5.7.2\junit-jupiter-engine-5.7.2.jar;C:\Users\isaqu\.m2\repository\org\junit\platform\junit-platform-engine\1.7.2\junit-platform-engine-1.7.2.jar;C:\Users\isaqu\.m2\repository\org\mockito\mockito-core\3.9.0\mockito-core-3.9.0.jar;C:\Users\isaqu\.m2\repository\net\bytebuddy\byte-buddy-agent\1.10.22\byte-buddy-agent-1.10.22.jar;C:\Users\isaqu\.m2\repository\org\objenesis\objenesis\3.2\objenesis-3.2.jar;C:\Users\isaqu\.m2\repository\org\mockito\mockito-junit-jupiter\3.9.0\mockito-junit-jupiter-3.9.0.jar;C:\Users\isaqu\.m2\repository\org\skyscreamer\jsonassert\1.5.0\jsonassert-1.5.0.jar;C:\Users\isaqu\.m2\repository\com\vaadin\external\google\android-json\0.0.20131108.vaadin1\android-json-0.0.20131108.vaadin1.jar;C:\Users\isaqu\.m2\repository\org\springframework\spring-core\5.3.12\spring-core-5.3.12.jar;C:\Users\isaqu\.m2\repository\org\springframework\spring-jcl\5.3.12\spring-jcl-5.3.12.jar;C:\Users\isaqu\.m2\repository\org\springframework\spring-test\5.3.12\spring-test-5.3.12.jar;C:\Users\isaqu\.m2\repository\org\xmlunit\xmlunit-core\2.8.3\xmlunit-core-2.8.3.jar;"/>
    <property name="java.vm.vendor" value="Oracle Corporation"/>
    <property name="sun.arch.data.model" value="64"/>
    <property name="user.variant" value=""/>
    <property name="java.vendor.url" value="https://java.oracle.com/"/>
    <property name="user.timezone" value="America/Sao_Paulo"/>
    <property name="os.name" value="Windows 10"/>
    <property name="java.vm.specification.version" value="17"/>
    <property name="sun.java.launcher" value="SUN_STANDARD"/>
    <property name="user.country" value="BR"/>
    <property name="sun.boot.library.path" value="C:\Program Files\Java\jdk-17\bin"/>
    <property name="sun.java.command" value="C:\Users\isaqu\AppData\Local\Temp\surefire17163877280780272274\surefirebooter11911696255692797555.jar C:\Users\isaqu\AppData\Local\Temp\surefire17163877280780272274 2021-10-24T15-22-37_728-jvmRun1 surefire13819057959243022685tmp surefire_02406516181040565630tmp"/>
    <property name="jdk.debug" value="release"/>
    <property name="surefire.test.class.path" value="C:\ResetMeuDiretorioGitHub-ResetNivel2\CWI-RESET-LEVEL2\desafio-resetflix-Parte-02\api-resetflix\target\test-classes;C:\ResetMeuDiretorioGitHub-ResetNivel2\CWI-RESET-LEVEL2\desafio-resetflix-Parte-02\api-resetflix\target\classes;C:\Users\isaqu\.m2\repository\org\springframework\boot\spring-boot-starter-data-jpa\2.5.6\spring-boot-starter-data-jpa-2.5.6.jar;C:\Users\isaqu\.m2\repository\org\springframework\boot\spring-boot-starter-aop\2.5.6\spring-boot-starter-aop-2.5.6.jar;C:\Users\isaqu\.m2\repository\org\springframework\spring-aop\5.3.12\spring-aop-5.3.12.jar;C:\Users\isaqu\.m2\repository\org\aspectj\aspectjweaver\1.9.7\aspectjweaver-1.9.7.jar;C:\Users\isaqu\.m2\repository\org\springframework\boot\spring-boot-starter-jdbc\2.5.6\spring-boot-starter-jdbc-2.5.6.jar;C:\Users\isaqu\.m2\repository\com\zaxxer\HikariCP\4.0.3\HikariCP-4.0.3.jar;C:\Users\isaqu\.m2\repository\org\springframework\spring-jdbc\5.3.12\spring-jdbc-5.3.12.jar;C:\Users\isaqu\.m2\repository\jakarta\transaction\jakarta.transaction-api\1.3.3\jakarta.transaction-api-1.3.3.jar;C:\Users\isaqu\.m2\repository\jakarta\persistence\jakarta.persistence-api\2.2.3\jakarta.persistence-api-2.2.3.jar;C:\Users\isaqu\.m2\repository\org\hibernate\hibernate-core\5.4.32.Final\hibernate-core-5.4.32.Final.jar;C:\Users\isaqu\.m2\repository\org\jboss\logging\jboss-logging\3.4.2.Final\jboss-logging-3.4.2.Final.jar;C:\Users\isaqu\.m2\repository\org\javassist\javassist\3.27.0-GA\javassist-3.27.0-GA.jar;C:\Users\isaqu\.m2\repository\net\bytebuddy\byte-buddy\1.10.22\byte-buddy-1.10.22.jar;C:\Users\isaqu\.m2\repository\antlr\antlr\2.7.7\antlr-2.7.7.jar;C:\Users\isaqu\.m2\repository\org\jboss\jandex\2.2.3.Final\jandex-2.2.3.Final.jar;C:\Users\isaqu\.m2\repository\com\fasterxml\classmate\1.5.1\classmate-1.5.1.jar;C:\Users\isaqu\.m2\repository\org\dom4j\dom4j\2.1.3\dom4j-2.1.3.jar;C:\Users\isaqu\.m2\repository\org\hibernate\common\hibernate-commons-annotations\5.1.2.Final\hibernate-commons-annotations-5.1.2.Final.jar;C:\Users\isaqu\.m2\repository\org\glassfish\jaxb\jaxb-runtime\2.3.5\jaxb-runtime-2.3.5.jar;C:\Users\isaqu\.m2\repository\org\glassfish\jaxb\txw2\2.3.5\txw2-2.3.5.jar;C:\Users\isaqu\.m2\repository\com\sun\istack\istack-commons-runtime\3.0.12\istack-commons-runtime-3.0.12.jar;C:\Users\isaqu\.m2\repository\com\sun\activation\jakarta.activation\1.2.2\jakarta.activation-1.2.2.jar;C:\Users\isaqu\.m2\repository\org\springframework\data\spring-data-jpa\2.5.6\spring-data-jpa-2.5.6.jar;C:\Users\isaqu\.m2\repository\org\springframework\data\spring-data-commons\2.5.6\spring-data-commons-2.5.6.jar;C:\Users\isaqu\.m2\repository\org\springframework\spring-orm\5.3.12\spring-orm-5.3.12.jar;C:\Users\isaqu\.m2\repository\org\springframework\spring-context\5.3.12\spring-context-5.3.12.jar;C:\Users\isaqu\.m2\repository\org\springframework\spring-tx\5.3.12\spring-tx-5.3.12.jar;C:\Users\isaqu\.m2\repository\org\springframework\spring-beans\5.3.12\spring-beans-5.3.12.jar;C:\Users\isaqu\.m2\repository\org\slf4j\slf4j-api\1.7.32\slf4j-api-1.7.32.jar;C:\Users\isaqu\.m2\repository\org\springframework\spring-aspects\5.3.12\spring-aspects-5.3.12.jar;C:\Users\isaqu\.m2\repository\org\springframework\boot\spring-boot-starter-validation\2.5.6\spring-boot-starter-validation-2.5.6.jar;C:\Users\isaqu\.m2\repository\org\springframework\boot\spring-boot-starter\2.5.6\spring-boot-starter-2.5.6.jar;C:\Users\isaqu\.m2\repository\org\springframework\boot\spring-boot\2.5.6\spring-boot-2.5.6.jar;C:\Users\isaqu\.m2\repository\org\springframework\boot\spring-boot-autoconfigure\2.5.6\spring-boot-autoconfigure-2.5.6.jar;C:\Users\isaqu\.m2\repository\org\springframework\boot\spring-boot-starter-logging\2.5.6\spring-boot-starter-logging-2.5.6.jar;C:\Users\isaqu\.m2\repository\ch\qos\logback\logback-classic\1.2.6\logback-classic-1.2.6.jar;C:\Users\isaqu\.m2\repository\ch\qos\logback\logback-core\1.2.6\logback-core-1.2.6.jar;C:\Users\isaqu\.m2\repository\org\apache\logging\log4j\log4j-to-slf4j\2.14.1\log4j-to-slf4j-2.14.1.jar;C:\Users\isaqu\.m2\repository\org\apache\logging\log4j\log4j-api\2.14.1\log4j-api-2.14.1.jar;C:\Users\isaqu\.m2\repository\org\slf4j\jul-to-slf4j\1.7.32\jul-to-slf4j-1.7.32.jar;C:\Users\isaqu\.m2\repository\jakarta\annotation\jakarta.annotation-api\1.3.5\jakarta.annotation-api-1.3.5.jar;C:\Users\isaqu\.m2\repository\org\yaml\snakeyaml\1.28\snakeyaml-1.28.jar;C:\Users\isaqu\.m2\repository\org\apache\tomcat\embed\tomcat-embed-el\9.0.54\tomcat-embed-el-9.0.54.jar;C:\Users\isaqu\.m2\repository\org\hibernate\validator\hibernate-validator\6.2.0.Final\hibernate-validator-6.2.0.Final.jar;C:\Users\isaqu\.m2\repository\jakarta\validation\jakarta.validation-api\2.0.2\jakarta.validation-api-2.0.2.jar;C:\Users\isaqu\.m2\repository\org\springframework\boot\spring-boot-starter-web\2.5.6\spring-boot-starter-web-2.5.6.jar;C:\Users\isaqu\.m2\repository\org\springframework\boot\spring-boot-starter-json\2.5.6\spring-boot-starter-json-2.5.6.jar;C:\Users\isaqu\.m2\repository\com\fasterxml\jackson\core\jackson-databind\2.12.5\jackson-databind-2.12.5.jar;C:\Users\isaqu\.m2\repository\com\fasterxml\jackson\core\jackson-annotations\2.12.5\jackson-annotations-2.12.5.jar;C:\Users\isaqu\.m2\repository\com\fasterxml\jackson\core\jackson-core\2.12.5\jackson-core-2.12.5.jar;C:\Users\isaqu\.m2\repository\com\fasterxml\jackson\datatype\jackson-datatype-jdk8\2.12.5\jackson-datatype-jdk8-2.12.5.jar;C:\Users\isaqu\.m2\repository\com\fasterxml\jackson\datatype\jackson-datatype-jsr310\2.12.5\jackson-datatype-jsr310-2.12.5.jar;C:\Users\isaqu\.m2\repository\com\fasterxml\jackson\module\jackson-module-parameter-names\2.12.5\jackson-module-parameter-names-2.12.5.jar;C:\Users\isaqu\.m2\repository\org\springframework\boot\spring-boot-starter-tomcat\2.5.6\spring-boot-starter-tomcat-2.5.6.jar;C:\Users\isaqu\.m2\repository\org\apache\tomcat\embed\tomcat-embed-core\9.0.54\tomcat-embed-core-9.0.54.jar;C:\Users\isaqu\.m2\repository\org\apache\tomcat\embed\tomcat-embed-websocket\9.0.54\tomcat-embed-websocket-9.0.54.jar;C:\Users\isaqu\.m2\repository\org\springframework\spring-web\5.3.12\spring-web-5.3.12.jar;C:\Users\isaqu\.m2\repository\org\springframework\spring-webmvc\5.3.12\spring-webmvc-5.3.12.jar;C:\Users\isaqu\.m2\repository\org\springframework\spring-expression\5.3.12\spring-expression-5.3.12.jar;C:\Users\isaqu\.m2\repository\com\h2database\h2\1.4.200\h2-1.4.200.jar;C:\Users\isaqu\.m2\repository\org\springframework\boot\spring-boot-starter-test\2.5.6\spring-boot-starter-test-2.5.6.jar;C:\Users\isaqu\.m2\repository\org\springframework\boot\spring-boot-test\2.5.6\spring-boot-test-2.5.6.jar;C:\Users\isaqu\.m2\repository\org\springframework\boot\spring-boot-test-autoconfigure\2.5.6\spring-boot-test-autoconfigure-2.5.6.jar;C:\Users\isaqu\.m2\repository\com\jayway\jsonpath\json-path\2.5.0\json-path-2.5.0.jar;C:\Users\isaqu\.m2\repository\net\minidev\json-smart\2.4.7\json-smart-2.4.7.jar;C:\Users\isaqu\.m2\repository\net\minidev\accessors-smart\2.4.7\accessors-smart-2.4.7.jar;C:\Users\isaqu\.m2\repository\org\ow2\asm\asm\9.1\asm-9.1.jar;C:\Users\isaqu\.m2\repository\jakarta\xml\bind\jakarta.xml.bind-api\2.3.3\jakarta.xml.bind-api-2.3.3.jar;C:\Users\isaqu\.m2\repository\jakarta\activation\jakarta.activation-api\1.2.2\jakarta.activation-api-1.2.2.jar;C:\Users\isaqu\.m2\repository\org\assertj\assertj-core\3.19.0\assertj-core-3.19.0.jar;C:\Users\isaqu\.m2\repository\org\hamcrest\hamcrest\2.2\hamcrest-2.2.jar;C:\Users\isaqu\.m2\repository\org\junit\jupiter\junit-jupiter\5.7.2\junit-jupiter-5.7.2.jar;C:\Users\isaqu\.m2\repository\org\junit\jupiter\junit-jupiter-api\5.7.2\junit-jupiter-api-5.7.2.jar;C:\Users\isaqu\.m2\repository\org\apiguardian\apiguardian-api\1.1.0\apiguardian-api-1.1.0.jar;C:\Users\isaqu\.m2\repository\org\opentest4j\opentest4j\1.2.0\opentest4j-1.2.0.jar;C:\Users\isaqu\.m2\repository\org\junit\platform\junit-platform-commons\1.7.2\junit-platform-commons-1.7.2.jar;C:\Users\isaqu\.m2\repository\org\junit\jupiter\junit-jupiter-params\5.7.2\junit-jupiter-params-5.7.2.jar;C:\Users\isaqu\.m2\repository\org\junit\jupiter\junit-jupiter-engine\5.7.2\junit-jupiter-engine-5.7.2.jar;C:\Users\isaqu\.m2\repository\org\junit\platform\junit-platform-engine\1.7.2\junit-platform-engine-1.7.2.jar;C:\Users\isaqu\.m2\repository\org\mockito\mockito-core\3.9.0\mockito-core-3.9.0.jar;C:\Users\isaqu\.m2\repository\net\bytebuddy\byte-buddy-agent\1.10.22\byte-buddy-agent-1.10.22.jar;C:\Users\isaqu\.m2\repository\org\objenesis\objenesis\3.2\objenesis-3.2.jar;C:\Users\isaqu\.m2\repository\org\mockito\mockito-junit-jupiter\3.9.0\mockito-junit-jupiter-3.9.0.jar;C:\Users\isaqu\.m2\repository\org\skyscreamer\jsonassert\1.5.0\jsonassert-1.5.0.jar;C:\Users\isaqu\.m2\repository\com\vaadin\external\google\android-json\0.0.20131108.vaadin1\android-json-0.0.20131108.vaadin1.jar;C:\Users\isaqu\.m2\repository\org\springframework\spring-core\5.3.12\spring-core-5.3.12.jar;C:\Users\isaqu\.m2\repository\org\springframework\spring-jcl\5.3.12\spring-jcl-5.3.12.jar;C:\Users\isaqu\.m2\repository\org\springframework\spring-test\5.3.12\spring-test-5.3.12.jar;C:\Users\isaqu\.m2\repository\org\xmlunit\xmlunit-core\2.8.3\xmlunit-core-2.8.3.jar;"/>
    <property name="sun.cpu.endian" value="little"/>
    <property name="user.home" value="C:\Users\isaqu"/>
    <property name="user.language" value="pt"/>
    <property name="java.specification.vendor" value="Oracle Corporation"/>
    <property name="java.version.date" value="2021-09-14"/>
    <property name="java.home" value="C:\Program Files\Java\jdk-17"/>
    <property name="file.separator" value="\"/>
    <property name="basedir" value="C:\ResetMeuDiretorioGitHub-ResetNivel2\CWI-RESET-LEVEL2\desafio-resetflix-Parte-02\api-resetflix"/>
    <property name="java.vm.compressedOopsMode" value="32-bit"/>
    <property name="line.separator" value="&#10;"/>
    <property name="java.vm.specification.vendor" value="Oracle Corporation"/>
    <property name="java.specification.name" value="Java Platform API Specification"/>
    <property name="surefire.real.class.path" value="C:\Users\isaqu\AppData\Local\Temp\surefire17163877280780272274\surefirebooter11911696255692797555.jar"/>
    <property name="user.script" value=""/>
    <property name="sun.management.compiler" value="HotSpot 64-Bit Tiered Compilers"/>
    <property name="java.runtime.version" value="17+35-LTS-2724"/>
    <property name="user.name" value="isaqu"/>
    <property name="path.separator" value=";"/>
    <property name="os.version" value="10.0"/>
    <property name="java.runtime.name" value="Java(TM) SE Runtime Environment"/>
    <property name="file.encoding" value="Cp1252"/>
    <property name="java.vm.name" value="Java HotSpot(TM) 64-Bit Server VM"/>
    <property name="localRepository" value="C:\Users\isaqu\.m2\repository"/>
    <property name="java.vendor.url.bug" value="https://bugreport.java.com/bugreport/"/>
    <property name="java.io.tmpdir" value="C:\Users\isaqu\AppData\Local\Temp\"/>
    <property name="idea.version" value="2021.2.3"/>
    <property name="java.version" value="17"/>
    <property name="user.dir" value="C:\ResetMeuDiretorioGitHub-ResetNivel2\CWI-RESET-LEVEL2\desafio-resetflix-Parte-02\api-resetflix"/>
    <property name="os.arch" value="amd64"/>
    <property name="java.vm.specification.name" value="Java Virtual Machine Specification"/>
    <property name="sun.os.patch.level" value=""/>
    <property name="native.encoding" value="Cp1252"/>
    <property name="java.library.path" value="C:\Program Files\Java\jdk-17\bin;C:\Windows\Sun\Java\bin;C:\Windows\system32;C:\Windows;C:\Program Files\Common Files\Oracle\Java\javapath;C:\Windows\system32;C:\Windows;C:\Windows\System32\Wbem;C:\Windows\System32\WindowsPowerShell\v1.0\;C:\Windows\System32\OpenSSH\;C:\Program Files\Java\jdk-17\bin;C:\Program Files\Git\cmd;C:\Users\isaqu\AppData\Local\Microsoft\WindowsApps;;."/>
    <property name="java.vm.info" value="mixed mode, sharing"/>
    <property name="java.vendor" value="Oracle Corporation"/>
    <property name="java.vm.version" value="17+35-LTS-2724"/>
    <property name="sun.io.unicode.encoding" value="UnicodeLittle"/>
    <property name="java.class.version" value="61.0"/>
  </properties>
  <testcase name="deveSalvarAtorEConsultarListaComUmNovoAtor" classname="br.com.cwi.reset.isaquexavierdossantos.service.AtorServiceTest" time="0.058"/>
  <testcase name="deveRetornarErroQuandoConsultaAtorNaoEncontrarAtorPorId" classname="br.com.cwi.reset.isaquexavierdossantos.service.AtorServiceTest" time="0.018">
    <error message="Já existe um ator cadastrado para o nome Will Smith." type="br.com.cwi.reset.isaquexavierdossantos.exception.CadastroDuplicadoException">br.com.cwi.reset.isaquexavierdossantos.exception.CadastroDuplicadoException: Já existe um ator cadastrado para o nome Will Smith.
	at br.com.cwi.reset.isaquexavierdossantos.service.AtorServiceTest.deveRetornarErroQuandoConsultaAtorNaoEncontrarAtorPorId(AtorServiceTest.java:343)
</error>
  </testcase>
  <testcase name="deveRetornarErroQuandoNenhumAtorCadastradoComFiltroInformado" classname="br.com.cwi.reset.isaquexavierdossantos.service.AtorServiceTest" time="0.006">
    <error message="Já existe um ator cadastrado para o nome Will Smith." type="br.com.cwi.reset.isaquexavierdossantos.exception.CadastroDuplicadoException">br.com.cwi.reset.isaquexavierdossantos.exception.CadastroDuplicadoException: Já existe um ator cadastrado para o nome Will Smith.
	at br.com.cwi.reset.isaquexavierdossantos.service.AtorServiceTest.deveRetornarErroQuandoNenhumAtorCadastradoComFiltroInformado(AtorServiceTest.java:201)
</error>
  </testcase>
  <testcase name="deveRetornarErroQuandoDataNascimentoNulo" classname="br.com.cwi.reset.isaquexavierdossantos.service.AtorServiceTest" time="0.006">
    <failure message="expected: &lt;Campo obrigatório não informado. Favor informar o campo dataNascimento.&gt; but was: &lt;Campo obrigatório não informado! Favor informar o campo dataNascimento.&gt;" type="org.opentest4j.AssertionFailedError"><![CDATA[org.opentest4j.AssertionFailedError: expected: <Campo obrigatório não informado. Favor informar o campo dataNascimento.> but was: <Campo obrigatório não informado! Favor informar o campo dataNascimento.>
	at br.com.cwi.reset.isaquexavierdossantos.service.AtorServiceTest.deveRetornarErroQuandoDataNascimentoNulo(AtorServiceTest.java:58)
]]></failure>
  </testcase>
  <testcase name="deveRetornarErroQuandoAtorNaoNascido" classname="br.com.cwi.reset.isaquexavierdossantos.service.AtorServiceTest" time="0"/>
  <testcase name="deveRetornarErroQuandoNomeNulo" classname="br.com.cwi.reset.isaquexavierdossantos.service.AtorServiceTest" time="0">
    <failure message="expected: &lt;Campo obrigatório não informado. Favor informar o campo nome.&gt; but was: &lt;Campo obrigatório não informado! Favor informar o campo nome.&gt;" type="org.opentest4j.AssertionFailedError"><![CDATA[org.opentest4j.AssertionFailedError: expected: <Campo obrigatório não informado. Favor informar o campo nome.> but was: <Campo obrigatório não informado! Favor informar o campo nome.>
	at br.com.cwi.reset.isaquexavierdossantos.service.AtorServiceTest.deveRetornarErroQuandoNomeNulo(AtorServiceTest.java:41)
]]></failure>
  </testcase>
  <testcase name="deveRetornarApenasFiltradosPorNome" classname="br.com.cwi.reset.isaquexavierdossantos.service.AtorServiceTest" time="0.009">
    <error message="Já existe um ator cadastrado para o nome Will Smith." type="br.com.cwi.reset.isaquexavierdossantos.exception.CadastroDuplicadoException">br.com.cwi.reset.isaquexavierdossantos.exception.CadastroDuplicadoException: Já existe um ator cadastrado para o nome Will Smith.
	at br.com.cwi.reset.isaquexavierdossantos.service.AtorServiceTest.deveRetornarApenasFiltradosPorNome(AtorServiceTest.java:247)
</error>
  </testcase>
  <testcase name="deveRetornarErroQuandoNenhumAtorCadastradoNaConsultaDeTodosAtores" classname="br.com.cwi.reset.isaquexavierdossantos.service.AtorServiceTest" time="0.002">
    <failure message="Esperado exceção de nenhum ator cadastrado. ==&gt; Expected java.lang.Exception to be thrown, but nothing was thrown." type="org.opentest4j.AssertionFailedError">org.opentest4j.AssertionFailedError: Esperado exceção de nenhum ator cadastrado. ==> Expected java.lang.Exception to be thrown, but nothing was thrown.
	at br.com.cwi.reset.isaquexavierdossantos.service.AtorServiceTest.deveRetornarErroQuandoNenhumAtorCadastradoNaConsultaDeTodosAtores(AtorServiceTest.java:286)
</failure>
  </testcase>
  <testcase name="deveRetornarAtoresEmAtividadeQuandoNaoInformadoFiltro" classname="br.com.cwi.reset.isaquexavierdossantos.service.AtorServiceTest" time="0.001">
    <error message="Já existe um ator cadastrado para o nome Will Smith." type="br.com.cwi.reset.isaquexavierdossantos.exception.CadastroDuplicadoException">br.com.cwi.reset.isaquexavierdossantos.exception.CadastroDuplicadoException: Já existe um ator cadastrado para o nome Will Smith.
	at br.com.cwi.reset.isaquexavierdossantos.service.AtorServiceTest.deveRetornarAtoresEmAtividadeQuandoNaoInformadoFiltro(AtorServiceTest.java:275)
</error>
  </testcase>
  <testcase name="deveRetornarErroQuandoAtorComInicioAtividadeAnteriorNascimento" classname="br.com.cwi.reset.isaquexavierdossantos.service.AtorServiceTest" time="0">
    <failure message="expected: &lt;Ano de início de atividade inválido para o ator cadastrado.&gt; but was: &lt;Ano de início de atividade inválido para o ator cadastradoo.&gt;" type="org.opentest4j.AssertionFailedError"><![CDATA[org.opentest4j.AssertionFailedError: expected: <Ano de início de atividade inválido para o ator cadastrado.> but was: <Ano de início de atividade inválido para o ator cadastradoo.>
	at br.com.cwi.reset.isaquexavierdossantos.service.AtorServiceTest.deveRetornarErroQuandoAtorComInicioAtividadeAnteriorNascimento(AtorServiceTest.java:143)
]]></failure>
  </testcase>
  <testcase name="deveRetornarErroQuandoConsultaAtorNaoInformarId" classname="br.com.cwi.reset.isaquexavierdossantos.service.AtorServiceTest" time="0">
    <failure message="expected: &lt;Campo obrigatório não informado. Favor informar o campo id.&gt; but was: &lt;Campo obrigatório não informado! Favor informar o campo id.&gt;" type="org.opentest4j.AssertionFailedError"><![CDATA[org.opentest4j.AssertionFailedError: expected: <Campo obrigatório não informado. Favor informar o campo id.> but was: <Campo obrigatório não informado! Favor informar o campo id.>
	at br.com.cwi.reset.isaquexavierdossantos.service.AtorServiceTest.deveRetornarErroQuandoConsultaAtorNaoInformarId(AtorServiceTest.java:332)
]]></failure>
  </testcase>
  <testcase name="deveRetornarErroQuandoStatusCarreiraNulo" classname="br.com.cwi.reset.isaquexavierdossantos.service.AtorServiceTest" time="0">
    <failure message="expected: &lt;Campo obrigatório não informado. Favor informar o campo statusCarreira.&gt; but was: &lt;Campo obrigatório não informado! Favor informar o campo statusCarreira.&gt;" type="org.opentest4j.AssertionFailedError"><![CDATA[org.opentest4j.AssertionFailedError: expected: <Campo obrigatório não informado. Favor informar o campo statusCarreira.> but was: <Campo obrigatório não informado! Favor informar o campo statusCarreira.>
	at br.com.cwi.reset.isaquexavierdossantos.service.AtorServiceTest.deveRetornarErroQuandoStatusCarreiraNulo(AtorServiceTest.java:75)
]]></failure>
  </testcase>
  <testcase name="deveRetornarTodosOsAtores" classname="br.com.cwi.reset.isaquexavierdossantos.service.AtorServiceTest" time="0">
    <error message="Já existe um ator cadastrado para o nome Will Smith." type="br.com.cwi.reset.isaquexavierdossantos.exception.CadastroDuplicadoException">br.com.cwi.reset.isaquexavierdossantos.exception.CadastroDuplicadoException: Já existe um ator cadastrado para o nome Will Smith.
	at br.com.cwi.reset.isaquexavierdossantos.service.AtorServiceTest.deveRetornarTodosOsAtores(AtorServiceTest.java:315)
</error>
  </testcase>
  <testcase name="deveRetornarErroQuandoAnoInicioAtividadeNulo" classname="br.com.cwi.reset.isaquexavierdossantos.service.AtorServiceTest" time="0">
    <failure message="expected: &lt;Campo obrigatório não informado. Favor informar o campo anoInicioAtividade.&gt; but was: &lt;Campo obrigatório não informado! Favor informar o campo anoInicioAtividade.&gt;" type="org.opentest4j.AssertionFailedError"><![CDATA[org.opentest4j.AssertionFailedError: expected: <Campo obrigatório não informado. Favor informar o campo anoInicioAtividade.> but was: <Campo obrigatório não informado! Favor informar o campo anoInicioAtividade.>
	at br.com.cwi.reset.isaquexavierdossantos.service.AtorServiceTest.deveRetornarErroQuandoAnoInicioAtividadeNulo(AtorServiceTest.java:92)
]]></failure>
  </testcase>
  <testcase name="deveRetornarAtorPorId" classname="br.com.cwi.reset.isaquexavierdossantos.service.AtorServiceTest" time="0">
    <error message="Já existe um ator cadastrado para o nome Will Smith." type="br.com.cwi.reset.isaquexavierdossantos.exception.CadastroDuplicadoException">br.com.cwi.reset.isaquexavierdossantos.exception.CadastroDuplicadoException: Já existe um ator cadastrado para o nome Will Smith.
	at br.com.cwi.reset.isaquexavierdossantos.service.AtorServiceTest.deveRetornarAtorPorId(AtorServiceTest.java:361)
</error>
  </testcase>
  <testcase name="deveRetornarApenasAtoresEmAtividade" classname="br.com.cwi.reset.isaquexavierdossantos.service.AtorServiceTest" time="0">
    <error message="Já existe um ator cadastrado para o nome Will Smith." type="br.com.cwi.reset.isaquexavierdossantos.exception.CadastroDuplicadoException">br.com.cwi.reset.isaquexavierdossantos.exception.CadastroDuplicadoException: Já existe um ator cadastrado para o nome Will Smith.
	at br.com.cwi.reset.isaquexavierdossantos.service.AtorServiceTest.deveRetornarApenasAtoresEmAtividade(AtorServiceTest.java:225)
</error>
  </testcase>
  <testcase name="deveRetornarErroQuandoAtorJaExistenteComMesmoNome" classname="br.com.cwi.reset.isaquexavierdossantos.service.AtorServiceTest" time="0">
    <error message="Já existe um ator cadastrado para o nome Will Smith." type="br.com.cwi.reset.isaquexavierdossantos.exception.CadastroDuplicadoException">br.com.cwi.reset.isaquexavierdossantos.exception.CadastroDuplicadoException: Já existe um ator cadastrado para o nome Will Smith.
	at br.com.cwi.reset.isaquexavierdossantos.service.AtorServiceTest.deveRetornarErroQuandoAtorJaExistenteComMesmoNome(AtorServiceTest.java:156)
</error>
  </testcase>
  <testcase name="deveRetornarErroQuandoNenhumAtorCadastradoNaConsulta" classname="br.com.cwi.reset.isaquexavierdossantos.service.AtorServiceTest" time="0">
    <failure message="Esperado exceção de nenhum ator cadastrado. ==&gt; Expected java.lang.Exception to be thrown, but nothing was thrown." type="org.opentest4j.AssertionFailedError">org.opentest4j.AssertionFailedError: Esperado exceção de nenhum ator cadastrado. ==> Expected java.lang.Exception to be thrown, but nothing was thrown.
	at br.com.cwi.reset.isaquexavierdossantos.service.AtorServiceTest.deveRetornarErroQuandoNenhumAtorCadastradoNaConsulta(AtorServiceTest.java:184)
</failure>
  </testcase>
  <testcase name="deveRetornarErroQuandoAtorPossuirSomenteNome" classname="br.com.cwi.reset.isaquexavierdossantos.service.AtorServiceTest" time="0"/>
</testsuite>